#1 [internal] load local bake definitions
#1 reading from stdin 521B done
#1 DONE 0.0s

#2 [internal] load build definition from Dockerfile
#2 transferring dockerfile: 520B 0.0s done
#2 DONE 0.0s

#3 [internal] load metadata for mcr.microsoft.com/dotnet/sdk:8.0
#3 ...

#4 [internal] load metadata for mcr.microsoft.com/dotnet/aspnet:8.0
#4 DONE 0.2s

#3 [internal] load metadata for mcr.microsoft.com/dotnet/sdk:8.0
#3 DONE 0.4s

#5 [internal] load .dockerignore
#5 transferring context: 2B 0.0s done
#5 DONE 0.0s

#6 [build 1/6] FROM mcr.microsoft.com/dotnet/sdk:8.0@sha256:ec47373b40fc22a31c891c5be8df83f8cbadc24e785b10899545e33a1a1c2183
#6 DONE 0.0s

#7 [runtime 1/4] FROM mcr.microsoft.com/dotnet/aspnet:8.0@sha256:8c7de8ca26baa56530cdc3d55b5563420ee2a302619ad808c53ec64613143771
#7 DONE 0.0s

#8 [runtime 2/4] WORKDIR /app
#8 CACHED

#9 [runtime 3/4] RUN adduser --disabled-password --gecos "" appuser
#9 CACHED

#10 [internal] load build context
#10 transferring context: 54.69kB 3.0s done
#10 DONE 3.0s

#11 [build 3/6] COPY src/InvoiceApi/InvoiceApi.csproj ./
#11 CACHED

#12 [build 4/6] RUN dotnet restore
#12 CACHED

#13 [build 2/6] WORKDIR /src
#13 CACHED

#14 [build 5/6] COPY src/InvoiceApi/ ./
#14 CACHED

#15 [build 6/6] RUN dotnet publish -c Release -o /app/publish --no-restore
#15 4.636 /usr/share/dotnet/sdk/8.0.420/Sdks/Microsoft.NET.Sdk/targets/Microsoft.PackageDependencyResolution.targets(266,5): error MSB4018: The "ResolvePackageAssets" task failed unexpectedly. [/src/InvoiceApi.csproj]
#15 4.636 /usr/share/dotnet/sdk/8.0.420/Sdks/Microsoft.NET.Sdk/targets/Microsoft.PackageDependencyResolution.targets(266,5): error MSB4018: NuGet.Packaging.Core.PackagingException: Unable to find fallback package folder 'C:\Program Files (x86)\Microsoft Visual Studio\Shared\NuGetPackages'. [/src/InvoiceApi.csproj]
#15 4.636 /usr/share/dotnet/sdk/8.0.420/Sdks/Microsoft.NET.Sdk/targets/Microsoft.PackageDependencyResolution.targets(266,5): error MSB4018:    at NuGet.Packaging.FallbackPackagePathResolver..ctor(String userPackageFolder, IEnumerable`1 fallbackPackageFolders) [/src/InvoiceApi.csproj]
#15 4.636 /usr/share/dotnet/sdk/8.0.420/Sdks/Microsoft.NET.Sdk/targets/Microsoft.PackageDependencyResolution.targets(266,5): error MSB4018:    at Microsoft.NET.Build.Tasks.NuGetPackageResolver.CreateResolver(IEnumerable`1 packageFolders) [/src/InvoiceApi.csproj]
#15 4.636 /usr/share/dotnet/sdk/8.0.420/Sdks/Microsoft.NET.Sdk/targets/Microsoft.PackageDependencyResolution.targets(266,5): error MSB4018:    at Microsoft.NET.Build.Tasks.ResolvePackageAssets.CacheWriter..ctor(ResolvePackageAssets task) [/src/InvoiceApi.csproj]
#15 4.636 /usr/share/dotnet/sdk/8.0.420/Sdks/Microsoft.NET.Sdk/targets/Microsoft.PackageDependencyResolution.targets(266,5): error MSB4018:    at Microsoft.NET.Build.Tasks.ResolvePackageAssets.CacheReader.CreateReaderFromDisk(ResolvePackageAssets task, Byte[] settingsHash) [/src/InvoiceApi.csproj]
#15 4.636 /usr/share/dotnet/sdk/8.0.420/Sdks/Microsoft.NET.Sdk/targets/Microsoft.PackageDependencyResolution.targets(266,5): error MSB4018:    at Microsoft.NET.Build.Tasks.ResolvePackageAssets.CacheReader..ctor(ResolvePackageAssets task) [/src/InvoiceApi.csproj]
#15 4.636 /usr/share/dotnet/sdk/8.0.420/Sdks/Microsoft.NET.Sdk/targets/Microsoft.PackageDependencyResolution.targets(266,5): error MSB4018:    at Microsoft.NET.Build.Tasks.ResolvePackageAssets.ReadItemGroups() [/src/InvoiceApi.csproj]
#15 4.636 /usr/share/dotnet/sdk/8.0.420/Sdks/Microsoft.NET.Sdk/targets/Microsoft.PackageDependencyResolution.targets(266,5): error MSB4018:    at Microsoft.NET.Build.Tasks.ResolvePackageAssets.ExecuteCore() [/src/InvoiceApi.csproj]
#15 4.636 /usr/share/dotnet/sdk/8.0.420/Sdks/Microsoft.NET.Sdk/targets/Microsoft.PackageDependencyResolution.targets(266,5): error MSB4018:    at Microsoft.NET.Build.Tasks.TaskBase.Execute() [/src/InvoiceApi.csproj]
#15 4.636 /usr/share/dotnet/sdk/8.0.420/Sdks/Microsoft.NET.Sdk/targets/Microsoft.PackageDependencyResolution.targets(266,5): error MSB4018:    at Microsoft.Build.BackEnd.TaskExecutionHost.Execute() [/src/InvoiceApi.csproj]
#15 4.636 /usr/share/dotnet/sdk/8.0.420/Sdks/Microsoft.NET.Sdk/targets/Microsoft.PackageDependencyResolution.targets(266,5): error MSB4018:    at Microsoft.Build.BackEnd.TaskBuilder.ExecuteInstantiatedTask(TaskExecutionHost taskExecutionHost, TaskLoggingContext taskLoggingContext, TaskHost taskHost, ItemBucket bucket, TaskExecutionMode howToExecuteTask) [/src/InvoiceApi.csproj]
#15 ERROR: process "/bin/sh -c dotnet publish -c Release -o /app/publish --no-restore" did not complete successfully: exit code: 1
------
 > [build 6/6] RUN dotnet publish -c Release -o /app/publish --no-restore:
4.636 /usr/share/dotnet/sdk/8.0.420/Sdks/Microsoft.NET.Sdk/targets/Microsoft.PackageDependencyResolution.targets(266,5): error MSB4018:    at NuGet.Packaging.FallbackPackagePathResolver..ctor(String userPackageFolder, IEnumerable`1 fallbackPackageFolders) [/src/InvoiceApi.csproj]
4.636 /usr/share/dotnet/sdk/8.0.420/Sdks/Microsoft.NET.Sdk/targets/Microsoft.PackageDependencyResolution.targets(266,5): error MSB4018:    at Microsoft.NET.Build.Tasks.NuGetPackageResolver.CreateResolver(IEnumerable`1 packageFolders) [/src/InvoiceApi.csproj]
4.636 /usr/share/dotnet/sdk/8.0.420/Sdks/Microsoft.NET.Sdk/targets/Microsoft.PackageDependencyResolution.targets(266,5): error MSB4018:    at Microsoft.NET.Build.Tasks.ResolvePackageAssets.CacheWriter..ctor(ResolvePackageAssets task) [/src/InvoiceApi.csproj]
4.636 /usr/share/dotnet/sdk/8.0.420/Sdks/Microsoft.NET.Sdk/targets/Microsoft.PackageDependencyResolution.targets(266,5): error MSB4018:    at Microsoft.NET.Build.Tasks.ResolvePackageAssets.CacheReader.CreateReaderFromDisk(ResolvePackageAssets task, Byte[] settingsHash) [/src/InvoiceApi.csproj]
4.636 /usr/share/dotnet/sdk/8.0.420/Sdks/Microsoft.NET.Sdk/targets/Microsoft.PackageDependencyResolution.targets(266,5): error MSB4018:    at Microsoft.NET.Build.Tasks.ResolvePackageAssets.CacheReader..ctor(ResolvePackageAssets task) [/src/InvoiceApi.csproj]
4.636 /usr/share/dotnet/sdk/8.0.420/Sdks/Microsoft.NET.Sdk/targets/Microsoft.PackageDependencyResolution.targets(266,5): error MSB4018:    at Microsoft.NET.Build.Tasks.ResolvePackageAssets.ReadItemGroups() [/src/InvoiceApi.csproj]
4.636 /usr/share/dotnet/sdk/8.0.420/Sdks/Microsoft.NET.Sdk/targets/Microsoft.PackageDependencyResolution.targets(266,5): error MSB4018:    at Microsoft.NET.Build.Tasks.ResolvePackageAssets.ExecuteCore() [/src/InvoiceApi.csproj]
4.636 /usr/share/dotnet/sdk/8.0.420/Sdks/Microsoft.NET.Sdk/targets/Microsoft.PackageDependencyResolution.targets(266,5): error MSB4018:    at Microsoft.NET.Build.Tasks.TaskBase.Execute() [/src/InvoiceApi.csproj]
4.636 /usr/share/dotnet/sdk/8.0.420/Sdks/Microsoft.NET.Sdk/targets/Microsoft.PackageDependencyResolution.targets(266,5): error MSB4018:    at Microsoft.Build.BackEnd.TaskExecutionHost.Execute() [/src/InvoiceApi.csproj]
4.636 /usr/share/dotnet/sdk/8.0.420/Sdks/Microsoft.NET.Sdk/targets/Microsoft.PackageDependencyResolution.targets(266,5): error MSB4018:    at Microsoft.Build.BackEnd.TaskBuilder.ExecuteInstantiatedTask(TaskExecutionHost taskExecutionHost, TaskLoggingContext taskLoggingContext, TaskHost taskHost, ItemBucket bucket, TaskExecutionMode howToExecuteTask) [/src/InvoiceApi.csproj]
------
Dockerfile:8

--------------------

   6 |     

   7 |     COPY src/InvoiceApi/ ./

   8 | >>> RUN dotnet publish -c Release -o /app/publish --no-restore

   9 |     

  10 |     # ---

--------------------

failed to solve: process "/bin/sh -c dotnet publish -c Release -o /app/publish --no-restore" did not complete successfully: exit code: 1

